\BOOKMARK [0][-]{chapter*.2}{\376\377\000\332\000v\000o\000d}{}% 1
\BOOKMARK [0][-]{chapter.1}{\376\377\000N\000\341\000p\000o\000v\001\033\000d\000a\000\040\000k\000\040\000s\000a\000z\000b\001\033}{}% 2
\BOOKMARK [1][-]{section.1.1}{\376\377\000\332\000p\000r\000a\000v\000a\000\040\000p\000r\000\341\000c\000e}{chapter.1}% 3
\BOOKMARK [1][-]{section.1.2}{\376\377\000J\000e\000d\000n\000o\000d\000u\000c\000h\000\351\000\040\000p\001\131\000\355\000k\000l\000a\000d\000y}{chapter.1}% 4
\BOOKMARK [1][-]{section.1.3}{\376\377\000M\000a\000t\000e\000m\000a\000t\000i\000c\000k\000\351\000\040\000v\000z\000o\000r\000c\000e\000\040\000a\000\040\000v\000\375\000r\000a\000z\000y}{chapter.1}% 5
\BOOKMARK [1][-]{section.1.4}{\376\377\000D\000e\000f\000i\000n\000i\000c\000e\000,\000\040\000v\001\033\000t\000y\000,\000\040\000d\001\157\000k\000a\000z\000y\000,\000\040\040\046}{chapter.1}% 6
\BOOKMARK [0][-]{chapter.2}{\376\377\000O\000d\000k\000a\000z\000y\000\040\000n\000a\000\040\000l\000i\000t\000e\000r\000a\000t\000u\000r\000u}{}% 7
\BOOKMARK [1][-]{section.2.1}{\376\377\000N\001\033\000k\000o\000l\000i\000k\000\040\000u\000k\000\341\000z\000e\000k}{chapter.2}% 8
\BOOKMARK [0][-]{chapter.3}{\376\377\000T\000a\000b\000u\000l\000k\000y\000,\000\040\000o\000b\000r\000\341\000z\000k\000y\000,\000\040\000p\000r\000o\000g\000r\000a\000m\000y}{}% 9
\BOOKMARK [1][-]{section.3.1}{\376\377\000T\000a\000b\000u\000l\000k\000y}{chapter.3}% 10
\BOOKMARK [1][-]{section.3.2}{\376\377\000O\000b\000r\000\341\000z\000k\000y}{chapter.3}% 11
\BOOKMARK [1][-]{section.3.3}{\376\377\000P\000r\000o\000g\000r\000a\000m\000y}{chapter.3}% 12
\BOOKMARK [0][-]{chapter.4}{\376\377\000F\000o\000r\000m\000\341\000t\000\040\000P\000D\000F\000/\000A}{}% 13
\BOOKMARK [0][-]{chapter*.3}{\376\377\000Z\000\341\000v\001\033\000r}{}% 14
\BOOKMARK [0][-]{chapter*.4}{\376\377\000S\000e\000z\000n\000a\000m\000\040\000p\000o\000u\001\176\000i\000t\000\351\000\040\000l\000i\000t\000e\000r\000a\000t\000u\000r\000y}{}% 15
\BOOKMARK [0][-]{chapter*.5}{\376\377\000S\000e\000z\000n\000a\000m\000\040\000o\000b\000r\000\341\000z\000k\001\157}{}% 16
\BOOKMARK [0][-]{chapter*.6}{\376\377\000S\000e\000z\000n\000a\000m\000\040\000t\000a\000b\000u\000l\000e\000k}{}% 17
\BOOKMARK [0][-]{chapter*.7}{\376\377\000S\000e\000z\000n\000a\000m\000\040\000p\000o\000u\001\176\000i\000t\000\375\000c\000h\000\040\000z\000k\000r\000a\000t\000e\000k}{}% 18
\BOOKMARK [0][-]{appendix.A}{\376\377\000P\001\131\000\355\000l\000o\000h\000y}{}% 19
\BOOKMARK [1][-]{section.A.1}{\376\377\000P\000r\000v\000n\000\355\000\040\000p\001\131\000\355\000l\000o\000h\000a}{appendix.A}% 20
